Server initialized.
Server running
Serving a new client
request got
Request URL is /
Serving a request finished.
Rejoined with forked subfork.
request got
Request URL is /css/bootstrap.min.css
Serving a request finished.
Rejoined with forked subfork.
request got
Request URL is /css/jumbotron-narrow.css
Serving a request finished.
Rejoined with forked subfork.
request got
Request URL is /js/jquery.min.js
Serving a request finished.
Rejoined with forked subfork.
request got
Request URL is /js/bootstrap.min.js
Serving a request finished.
Rejoined with forked subfork.
request got
Request URL is /css/bootstrap.min.css.map
Serving a request finished.
Rejoined with forked subfork.
request got
Request URL is /
Serving a request finished.
Rejoined with forked subfork.
request got
Request URL is /css/bootstrap.min.css
Serving a request finished.
Rejoined with forked subfork.
request got
Request URL is /css/jumbotron-narrow.css
Serving a request finished.
Rejoined with forked subfork.
request got
Request URL is /js/jquery.min.js
Serving a request finished.
Rejoined with forked subfork.
request got
Request URL is /js/bootstrap.min.js
Serving a request finished.
Rejoined with forked subfork.
request got
Request URL is /css/bootstrap.min.css.map
Serving a request finished.
Rejoined with forked subfork.
request got
Request URL is /
Serving a request finished.
Rejoined with forked subfork.
request got
Request URL is /css/bootstrap.min.css
Serving a request finished.
Rejoined with forked subfork.
request got
Request URL is /css/jumbotron-narrow.css
Serving a request finished.
Rejoined with forked subfork.
request got
Request URL is /js/jquery.min.js
Serving a request finished.
Rejoined with forked subfork.
request got
Request URL is /js/bootstrap.min.js
Serving a request finished.
Rejoined with forked subfork.
request got
Request URL is /css/bootstrap.min.css.map
Serving a request finished.
Rejoined with forked subfork.
request got
Request URL is /
Serving a request finished.
Rejoined with forked subfork.
request got
Request URL is /css/bootstrap.min.css
Serving a request finished.
Rejoined with forked subfork.
request got
Request URL is /css/jumbotron-narrow.css
Serving a request finished.
Rejoined with forked subfork.
request got
Request URL is /js/jquery.min.js
Serving a request finished.
Rejoined with forked subfork.
request got
Request URL is /js/bootstrap.min.js
Serving a request finished.
Rejoined with forked subfork.
request got
Request URL is /css/bootstrap.min.css.map
Serving a request finished.
Rejoined with forked subfork.
Serving a new client
request got
Request URL is /
Serving a request finished.
Rejoined with forked subfork.
request got
Request URL is /css/bootstrap.min.css
Serving a request finished.
Rejoined with forked subfork.
request got
Request URL is /css/jumbotron-narrow.css
Serving a request finished.
Rejoined with forked subfork.
request got
Request URL is /js/jquery.min.js
Serving a request finished.
Rejoined with forked subfork.
request got
Request URL is /js/bootstrap.min.js
Serving a request finished.
Rejoined with forked subfork.
request got
Request URL is /css/bootstrap.min.css.map
Serving a request finished.
Rejoined with forked subfork.
